2016-10-25 15:58:05,035 INFO  [org.jboss.modules] (main) JBoss Modules version 1.5.1.Final-redhat-1
2016-10-25 15:58:05,457 INFO  [org.jboss.msc] (main) JBoss MSC version 1.2.6.Final-redhat-1
2016-10-25 15:58:05,562 INFO  [org.jboss.as] (MSC service thread 1-1) WFLYSRV0049: JBoss EAP 7.0.0.GA (WildFly Core 2.1.2.Final-redhat-1) starting
2016-10-25 15:58:06,896 INFO  [org.jboss.as.host.controller] (Controller Boot Thread) WFLYHC0003: Creating http management service using network interface (management) port (9990) securePort (-1)
2016-10-25 15:58:06,906 INFO  [org.xnio] (MSC service thread 1-2) XNIO version 3.3.6.Final-redhat-1
2016-10-25 15:58:06,926 INFO  [org.xnio.nio] (MSC service thread 1-2) XNIO NIO Implementation Version 3.3.6.Final-redhat-1
2016-10-25 15:58:07,132 INFO  [org.jboss.remoting] (MSC service thread 1-2) JBoss Remoting version 4.0.18.Final-redhat-1
2016-10-25 15:58:07,274 ERROR [org.jboss.msc.service.fail] (MSC service thread 1-3) MSC000001: Failed to start service jboss.remoting.server.management: org.jboss.msc.service.StartException in service jboss.remoting.server.management: WFLYRMT0004: Address already in use 127.0.0.1:9999
	at org.jboss.as.remoting.AbstractStreamServerService.start(AbstractStreamServerService.java:105)
	at org.jboss.msc.service.ServiceControllerImpl$StartTask.startService(ServiceControllerImpl.java:1948)
	at org.jboss.msc.service.ServiceControllerImpl$StartTask.run(ServiceControllerImpl.java:1881)
	at java.util.concurrent.ThreadPoolExecutor.runWorker(ThreadPoolExecutor.java:1142)
	at java.util.concurrent.ThreadPoolExecutor$Worker.run(ThreadPoolExecutor.java:617)
	at java.lang.Thread.run(Thread.java:745)
Caused by: java.net.BindException: Address already in use
	at sun.nio.ch.Net.bind0(Native Method)
	at sun.nio.ch.Net.bind(Net.java:433)
	at sun.nio.ch.Net.bind(Net.java:425)
	at sun.nio.ch.ServerSocketChannelImpl.bind(ServerSocketChannelImpl.java:223)
	at sun.nio.ch.ServerSocketAdaptor.bind(ServerSocketAdaptor.java:74)
	at sun.nio.ch.ServerSocketAdaptor.bind(ServerSocketAdaptor.java:67)
	at org.xnio.nio.NioXnioWorker.createTcpConnectionServer(NioXnioWorker.java:192)
	at org.xnio.XnioWorker.createStreamConnectionServer(XnioWorker.java:243)
	at org.xnio.XnioWorker.createStreamServer(XnioWorker.java:145)
	at org.jboss.remoting3.remote.RemoteConnectionProvider$ProviderInterface.createServer(RemoteConnectionProvider.java:303)
	at org.jboss.as.remoting.AbstractStreamServerService.start(AbstractStreamServerService.java:97)
	... 5 more

2016-102016-10-25 16:05:39,567 INFO  [org.jboss.as.host.controller] (Host Controller Service Threads - 31) WFLYHC0024: Stopping server server-one
2016-10-25 16:05:39,574 INFO  [org.jboss.as.host.controller] (Host Controller Service Threads - 31) WFLYHC0024: Stopping server server-two
2016-10-25 16:05:40,086 INFO  [org.jboss.as.host.controller] (management I/O-1) WFLYHC0027: Unregistering server server-one
2016-10-25 16:05:40,171 INFO  [org.jboss.as.host.controller] (management task-3) WFLYHC0027: Unregistering server server-two
2016-10-25 16:05:40,742 INFO  [org.jboss.as.host.controller] (ProcessControllerConnection-thread - 2) WFLYHC0027: Unregistering server server-one
2016-10-25 16:05:40,789 INFO  [org.jboss.as.host.controller] (ProcessControllerConnection-thread - 2) WFLYHC0027: Unregistering server server-two
2016-10-25 16:05:40,904 INFO  [org.jboss.as] (MSC service thread 1-2) WFLYSRV0050: JBoss EAP 7.0.0.GA (WildFly Core 2.1.2.Final-redhat-1) stopped in 1347ms
start(ManagementHttpServer.java:149)
	at org.jboss.as.server.mgmt.UndertowHttpManagementService.start(UndertowHttpManagementService.java:239)
	... 5 more
Caused by: java.net.BindException: Address already in use
	at sun.nio.ch.Net.bind0(Native Method)
	at sun.nio.ch.Net.bind(Net.java:433)
	at sun.nio.ch.Net.bind(Net.java:425)
	at sun.nio.ch.ServerSocketChannelImpl.bind(ServerSocketChannelImpl.java:223)
	at sun.nio.ch.ServerSocketAdaptor.bind(ServerSocketAdaptor.java:74)
	at sun.nio.ch.ServerSocketAdaptor.bind(ServerSocketAdaptor.java:67)
	at org.xnio.nio.NioXnioWorker.createTcpConnectionServer(NioXnioWorker.java:192)
	at org.xnio.XnioWorker.createStreamConnectionServer(XnioWorker.java:243)
	at org.jboss.as.domain.http.server.ManagementHttpServer.start(ManagementHttpServer.java:136)
	... 6 more

2016-10-25 15:58:07,510 ERROR [org.jboss.as.controller.management-operation] (Controller Boot Thread) WFLYCTL0013: Operation ("add") failed - address: ([
    ("host" => "master"),
    ("core-service" => "management"),
    ("management-interface" => "native-interface")
]) - failure description: {"WFLYCTL0080: Failed services" => {"jboss.remoting.server.management" => "org.jboss.msc.service.StartException in service jboss.remoting.server.management: WFLYRMT0004: Address already in use 127.0.0.1:9999
    Caused by: java.net.BindException: Address already in use"}}
2016-10-25 15:58:07,551 INFO  [org.jboss.as.controller] (Controller Boot Thread) WFLYCTL0183: Service status report
WFLYCTL0184:    New missing/unsatisfied dependencies:
      service jboss.serverManagement.controller.management.http (missing) dependents: [service jboss.serverManagement.controller.management.http.shutdown] 
      service jboss.serverManagement.controller.management.http.requests (missing) dependents: [service jboss.serverManagement.controller.management.http.shutdown] 
WFLYCTL0186:   Services which failed to start:      service jboss.remoting.server.management
      service jboss.serverManagement.controller.management.http

2016-10-25 15:58:07,553 FATAL [org.jboss.as.host.controller] (Controller Boot Thread) WFLYHC0034: Host Controller boot has failed in an unrecoverable manner; exiting. See previous messages for details.
2016-10-25 15:58:07,586 INFO  [org.jboss.as] (MSC service thread 1-2) WFLYSRV0050: JBoss EAP 7.0.0.GA (WildFly Core 2.1.2.Final-redhat-1) stopped in 20ms
